<?xml version="1.0" encoding="utf-8"?><testsuites name="pytest tests"><testsuite name="pytest" errors="0" failures="0" skipped="0" tests="22" time="4.404" timestamp="2026-08-20T01:04:35.145198+00:00" hostname="agent-env-bd0646dc-1d5a-4fc3-bcb6-d9414346b4c1"><testcase classname="tests.test_answerfier.TestQuestions" name="test_create_question_authored_by_caller" time="0.507" /><testcase classname="tests.test_answerfier.TestQuestions" name="test_create_question_short_title_422" time="0.107" /><testcase classname="tests.test_answerfier.TestQuestions" name="test_create_question_invalid_category_falls_back_to_general" time="0.066" /><testcase classname="tests.test_answerfier.TestQuestions" name="test_create_question_qotd_category_not_allowed" time="0.103" /><testcase classname="tests.test_answerfier.TestQuestions" name="test_question_detail_shape" time="0.131" /><testcase classname="tests.test_answerfier.TestAnswersVotesBest" name="test_add_answer_appears_in_detail" time="1.064" /><testcase classname="tests.test_answerfier.TestQuestions" name="test_question_detail_404" time="0.063" /><testcase classname="tests.test_answerfier.TestQuestions" name="test_seed_question_answers_sorted_best_then_upvotes" time="0.060" /><testcase classname="tests.test_answerfier.TestBoardAndQOTD" name="test_board_requires_auth" time="0.135" /><testcase classname="tests.test_answerfier.TestAnswersVotesBest" name="test_answer_on_unknown_question_404" time="0.077" /><testcase classname="tests.test_answerfier.TestAnswersVotesBest" name="test_vote_toggle_idempotent" time="0.197" /><testcase classname="tests.test_answerfier.TestBoardAndQOTD" name="test_board_shape" time="0.064" /><testcase classname="tests.test_answerfier.TestBoardAndQOTD" name="test_qotd_idempotent_same_day" time="0.141" /><testcase classname="tests.test_answerfier.TestAnswersVotesBest" name="test_vote_unknown_answer_404" time="0.118" /><testcase classname="tests.test_answerfier.TestBoardAndQOTD" name="test_qotd_endpoint_matches_board" time="0.135" /><testcase classname="tests.test_answerfier.TestAnswersVotesBest" name="test_best_answer_only_asker" time="1.720" /><testcase classname="tests.test_answerfier.TestBoardAndQOTD" name="test_qotd_pool_no_repeat_property" time="1.786" /><testcase classname="tests.test_answerfier.TestAnswersVotesBest" name="test_best_answer_on_qotd_forbidden" time="0.266" /><testcase classname="tests.test_answerfier.TestAuthGuards" name="test_create_question_requires_auth" time="0.078" /><testcase classname="tests.test_answerfier.TestAuthGuards" name="test_answer_requires_auth" time="0.118" /><testcase classname="tests.test_answerfier.TestAnswersVotesBest" name="test_can_answer_qotd" time="0.255" /><testcase classname="tests.test_answerfier.TestAuthGuards" name="test_vote_requires_auth" time="0.114" /></testsuite></testsuites>