<?xml version="1.0" encoding="utf-8"?><testsuites name="pytest tests"><testsuite name="pytest" errors="0" failures="0" skipped="0" tests="21" time="12.602" timestamp="2026-08-20T03:32:25.684694+00:00" hostname="agent-env-bd0646dc-1d5a-4fc3-bcb6-d9414346b4c1"><testcase classname="tests.test_anvil.TestAnvilList" name="test_list_default" time="0.459" /><testcase classname="tests.test_anvil.TestAnvilCreate" name="test_create_story_success" time="0.680" /><testcase classname="tests.test_anvil.TestAnvilList" name="test_list_kind_story" time="0.161" /><testcase classname="tests.test_anvil.TestAnvilList" name="test_list_kind_script" time="0.099" /><testcase classname="tests.test_anvil.TestAnvilCreate" name="test_create_invalid_kind_400" time="0.100" /><testcase classname="tests.test_anvil.TestAnvilList" name="test_list_category_filter" time="0.225" /><testcase classname="tests.test_anvil.TestAnvilCreate" name="test_create_short_title_422" time="0.138" /><testcase classname="tests.test_anvil.TestAnvilCreate" name="test_create_missing_body" time="0.103" /><testcase classname="tests.test_anvil.TestAnvilCowriting" name="test_cowriting_list_only_open" time="0.101" /><testcase classname="tests.test_anvil.TestAnvilAssist" name="test_assist_idea" time="3.746" /><testcase classname="tests.test_anvil.TestAnvilCowriting" name="test_contribute_to_open_work" time="0.586" /><testcase classname="tests.test_anvil.TestAnvilCowriting" name="test_contribute_to_closed_work_403" time="0.242" /><testcase classname="tests.test_anvil.TestAnvilDetail" name="test_detail_seed" time="0.093" /><testcase classname="tests.test_anvil.TestAnvilDetail" name="test_detail_404" time="0.106" /><testcase classname="tests.test_anvil.TestAnvilAdventure" name="test_adventure_opener" time="2.629" /><testcase classname="tests.test_anvil.TestAnvilAdventure" name="test_adventure_continuation" time="3.062" /><testcase classname="tests.test_anvil.TestAnvilAssist" name="test_assist_continue" time="6.281" /><testcase classname="tests.test_anvil.TestAnvilApplause" name="test_applause_toggle" time="0.442" /><testcase classname="tests.test_anvil.TestAnvilPrompts" name="test_prompts" time="0.107" /><testcase classname="tests.test_anvil.TestAnvilAssist" name="test_assist_improve" time="1.087" /><testcase classname="tests.test_anvil.TestAnvilAuth" name="test_list_requires_auth" time="0.101" /></testsuite></testsuites>