<?xml version="1.0" encoding="utf-8"?><testsuites name="pytest tests"><testsuite name="pytest" errors="0" failures="0" skipped="0" tests="17" time="10.127" timestamp="2026-08-20T01:42:05.882374+00:00" hostname="agent-env-bd0646dc-1d5a-4fc3-bcb6-d9414346b4c1"><testcase classname="tests.test_bazaar_sell.TestImageUpload" name="test_upload_png_and_serve" time="1.283" /><testcase classname="tests.test_bazaar_sell.TestImageUpload" name="test_upload_rejects_non_image" time="0.134" /><testcase classname="tests.test_bazaar_sell.TestImageUpload" name="test_upload_rejects_oversize" time="1.109" /><testcase classname="tests.test_bazaar_sell.TestFixedListing" name="test_create_fixed" time="0.687" /><testcase classname="tests.test_bazaar_sell.TestAuctionListing" name="test_create_auction" time="0.655" /><testcase classname="tests.test_bazaar_sell.TestAuctionListing" name="test_auction_missing_fields" time="0.768" /><testcase classname="tests.test_bazaar_sell.TestBrowse" name="test_categories_include_books" time="0.126" /><testcase classname="tests.test_bazaar_sell.TestMineAndDelete" name="test_mine_only_returns_own" time="0.941" /><testcase classname="tests.test_bazaar_sell.TestMineAndDelete" name="test_delete_403_for_other_user" time="0.533" /><testcase classname="tests.test_bazaar_sell.TestMineAndDelete" name="test_delete_owner_removes" time="0.964" /><testcase classname="tests.test_bazaar_sell.TestBidding" name="test_below_starting_400" time="0.623" /><testcase classname="tests.test_bazaar_sell.TestBidding" name="test_seller_cannot_bid" time="0.128" /><testcase classname="tests.test_bazaar_sell.TestBidding" name="test_valid_first_bid" time="0.143" /><testcase classname="tests.test_bazaar_sell.TestBidding" name="test_next_bid_must_beat_by_100" time="0.274" /><testcase classname="tests.test_bazaar_sell.TestCartGuards" name="test_running_auction_cannot_be_carted" time="0.628" /><testcase classname="tests.test_bazaar_sell.TestCartGuards" name="test_seller_cant_cart_own_fixed" time="0.583" /><testcase classname="tests.test_bazaar_sell.TestCartGuards" name="test_other_user_can_cart_fixed" time="0.459" /></testsuite></testsuites>