<?xml version="1.0" encoding="utf-8"?><testsuites name="pytest tests"><testsuite name="pytest" errors="0" failures="0" skipped="0" tests="16" time="6.518" timestamp="2026-08-20T03:10:51.341474+00:00" hostname="agent-env-bd0646dc-1d5a-4fc3-bcb6-d9414346b4c1"><testcase classname="tests.test_booths_notifications.TestBooths" name="test_create_booth_min_name" time="0.417" /><testcase classname="tests.test_booths_notifications.TestBooths" name="test_create_booth_ok" time="0.109" /><testcase classname="tests.test_booths_notifications.TestBooths" name="test_list_booths_includes_new" time="0.134" /><testcase classname="tests.test_booths_notifications.TestBooths" name="test_my_booths_only_mine" time="0.399" /><testcase classname="tests.test_booths_notifications.TestBooths" name="test_booth_detail_shape" time="0.219" /><testcase classname="tests.test_booths_notifications.TestListingBoothWiring" name="test_individual_when_no_booth_id" time="0.458" /><testcase classname="tests.test_booths_notifications.TestListingBoothWiring" name="test_booth_id_owned_ok" time="0.789" /><testcase classname="tests.test_booths_notifications.TestListingBoothWiring" name="test_booth_id_not_owned_400" time="0.449" /><testcase classname="tests.test_booths_notifications.TestListingBoothWiring" name="test_booth_detail_shows_only_booth_items" time="0.112" /><testcase classname="tests.test_booths_notifications.TestOutbidNotifications" name="test_first_bidder_no_self_notif" time="1.354" /><testcase classname="tests.test_booths_notifications.TestOutbidNotifications" name="test_outbid_notifies_previous_bidder" time="0.450" /><testcase classname="tests.test_booths_notifications.TestOutbidNotifications" name="test_mark_all_read" time="0.393" /><testcase classname="tests.test_booths_notifications.TestRegression" name="test_browse_ok" time="0.116" /><testcase classname="tests.test_booths_notifications.TestRegression" name="test_mine_ok" time="0.117" /><testcase classname="tests.test_booths_notifications.TestRegression" name="test_create_fixed_and_delete" time="0.471" /><testcase classname="tests.test_booths_notifications.TestRegression" name="test_cart_guard_own_fixed" time="0.442" /></testsuite></testsuites>