<?xml version="1.0" encoding="utf-8"?><testsuites name="pytest tests"><testsuite name="pytest" errors="0" failures="0" skipped="0" tests="15" time="12.393" timestamp="2026-08-20T04:30:31.520514+00:00" hostname="agent-env-bd0646dc-1d5a-4fc3-bcb6-d9414346b4c1"><testcase classname="tests.test_brainboost" name="test_district_brainboost_features_no_religious_studies" time="0.305" /><testcase classname="tests.test_brainboost" name="test_brainboost_hub" time="0.099" /><testcase classname="tests.test_brainboost" name="test_fact_of_day_deterministic" time="0.203" /><testcase classname="tests.test_brainboost" name="test_courses_list_all" time="0.107" /><testcase classname="tests.test_brainboost" name="test_courses_filter_religious_studies" time="0.119" /><testcase classname="tests.test_brainboost" name="test_course_detail_and_progress" time="0.675" /><testcase classname="tests.test_brainboost" name="test_course_not_found" time="0.112" /><testcase classname="tests.test_brainboost" name="test_quiz_list" time="0.130" /><testcase classname="tests.test_brainboost" name="test_quiz_detail_hides_answers" time="0.123" /><testcase classname="tests.test_brainboost" name="test_quiz_submit_scoring" time="0.344" /><testcase classname="tests.test_brainboost" name="test_videos_have_url" time="0.119" /><testcase classname="tests.test_brainboost" name="test_lexicon_dictionary" time="1.636" /><testcase classname="tests.test_brainboost" name="test_lexicon_thesaurus" time="1.266" /><testcase classname="tests.test_brainboost" name="test_repair_guy" time="6.683" /><testcase classname="tests.test_brainboost" name="test_brainboost_requires_auth" time="0.132" /></testsuite></testsuites>