<?xml version="1.0" encoding="utf-8"?><testsuites name="pytest tests"><testsuite name="pytest" errors="0" failures="0" skipped="0" tests="18" time="3.722" timestamp="2026-08-19T02:55:15.719507+00:00" hostname="agent-env-bd0646dc-1d5a-4fc3-bcb6-d9414346b4c1"><testcase classname="tests.test_cart_checkout.TestCart" name="test_cart_requires_auth" time="0.158" /><testcase classname="tests.test_cart_checkout.TestCart" name="test_empty_cart" time="0.529" /><testcase classname="tests.test_cart_checkout.TestCart" name="test_add_item" time="0.070" /><testcase classname="tests.test_cart_checkout.TestCart" name="test_add_increments_qty" time="0.071" /><testcase classname="tests.test_cart_checkout.TestCart" name="test_add_second_item_via_get" time="0.140" /><testcase classname="tests.test_cart_checkout.TestCart" name="test_patch_sets_qty" time="0.075" /><testcase classname="tests.test_cart_checkout.TestCart" name="test_patch_zero_removes" time="0.071" /><testcase classname="tests.test_cart_checkout.TestCart" name="test_delete_removes" time="0.145" /><testcase classname="tests.test_cart_checkout.TestCart" name="test_add_unknown_item_404" time="0.073" /><testcase classname="tests.test_cart_checkout.TestCheckout" name="test_checkout_requires_auth" time="0.063" /><testcase classname="tests.test_cart_checkout.TestCheckout" name="test_checkout_empty_cart_400" time="0.373" /><testcase classname="tests.test_cart_checkout.TestCheckout" name="test_checkout_invalid_return_400" time="0.071" /><testcase classname="tests.test_cart_checkout.TestCheckout" name="test_checkout_creates_session_and_pending_order" time="0.834" /><testcase classname="tests.test_cart_checkout.TestCheckout" name="test_status_pending_before_payment" time="0.248" /><testcase classname="tests.test_cart_checkout.TestCheckout" name="test_status_unknown_session_404" time="0.073" /><testcase classname="tests.test_cart_checkout.TestCheckout" name="test_status_other_user_cannot_read" time="0.312" /><testcase classname="tests.test_cart_checkout.TestCheckout" name="test_checkout_return_html" time="0.280" /><testcase classname="tests.test_cart_checkout.TestCheckout" name="test_orders_requires_auth" time="0.057" /></testsuite></testsuites>