<?xml version="1.0" encoding="utf-8"?><testsuites name="pytest tests"><testsuite name="pytest" errors="0" failures="0" skipped="0" tests="12" time="4.459" timestamp="2026-08-19T03:31:30.935246+00:00" hostname="agent-env-bd0646dc-1d5a-4fc3-bcb6-d9414346b4c1"><testcase classname="tests.test_email_receipts.TestRegression" name="test_checkout_creates_cs_test_session" time="1.089" /><testcase classname="tests.test_email_receipts.TestEmailService" name="test_module_imports_and_env" time="0.052" /><testcase classname="tests.test_email_receipts.TestEmailService" name="test_send_order_receipt_returns_id" time="0.269" /><testcase classname="tests.test_email_receipts.TestEmailService" name="test_guardrail_rejects_forms" time="0.000" /><testcase classname="tests.test_email_receipts.TestEmailService" name="test_guardrail_rejects_credential_ask" time="0.000" /><testcase classname="tests.test_email_receipts.TestEmailService" name="test_guardrail_rejects_non_https" time="0.000" /><testcase classname="tests.test_email_receipts.TestEmailService" name="test_guardrail_accepts_fixed_template" time="0.000" /><testcase classname="tests.test_email_receipts.TestFulfillmentIdempotency" name="test_fulfill_marks_paid_clears_cart_and_is_idempotent" time="3.302" /><testcase classname="tests.test_email_receipts.TestRegression" name="test_stripe_webhook_without_secret_returns_200" time="0.481" /><testcase classname="tests.test_email_receipts.TestRegression" name="test_orders_requires_auth" time="0.116" /><testcase classname="tests.test_email_receipts.TestRegression" name="test_cart_requires_auth" time="0.095" /><testcase classname="tests.test_email_receipts.TestRegression" name="test_checkout_requires_auth" time="0.096" /></testsuite></testsuites>