<?xml version="1.0" encoding="utf-8"?><testsuites name="pytest tests"><testsuite name="pytest" errors="0" failures="0" skipped="0" tests="13" time="16.417" timestamp="2026-08-20T03:56:58.419708+00:00" hostname="agent-env-bd0646dc-1d5a-4fc3-bcb6-d9414346b4c1"><testcase classname="tests.test_genoscribe.TestAnvilRegression" name="test_anvil_list_public_shape" time="0.433" /><testcase classname="tests.test_genoscribe.TestGenoScribeGenerate" name="test_story_generation_returns_title_and_text" time="7.114" /><testcase classname="tests.test_genoscribe.TestAnvilRegression" name="test_post_validation_missing_kind_defaults_story" time="0.207" /><testcase classname="tests.test_genoscribe.TestAnvilRegression" name="test_post_bad_kind_rejected" time="0.104" /><testcase classname="tests.test_genoscribe.TestAnvilRegression" name="test_applause_toggle" time="0.417" /><testcase classname="tests.test_genoscribe.TestAnvilRegression" name="test_cowriting_contribute" time="0.397" /><testcase classname="tests.test_genoscribe.TestPromptPost" name="test_add_prompt_and_appears_first" time="0.264" /><testcase classname="tests.test_genoscribe.TestPromptPost" name="test_prompt_too_short_422" time="0.160" /><testcase classname="tests.test_genoscribe.TestPostAIWorks" name="test_post_ai_story_appears_in_stories" time="0.283" /><testcase classname="tests.test_genoscribe.TestPostAIWorks" name="test_post_ai_script_appears_in_scripts" time="0.256" /><testcase classname="tests.test_genoscribe.TestGenoScribeGenerate" name="test_script_generation_returns_title_and_text" time="7.026" /><testcase classname="tests.test_genoscribe.TestGenoScribeGenerate" name="test_prompt_generation_returns_text_no_title" time="1.830" /><testcase classname="tests.test_genoscribe.TestGenoScribeGenerate" name="test_invalid_tool_returns_400" time="0.106" /></testsuite></testsuites>