<?xml version="1.0" encoding="utf-8"?><testsuites name="pytest tests"><testsuite name="pytest" errors="0" failures="0" skipped="0" tests="28" time="4.426" timestamp="2026-08-19T02:02:13.435100+00:00" hostname="agent-env-bd0646dc-1d5a-4fc3-bcb6-d9414346b4c1"><testcase classname="tests.test_konphlux_api.TestFeed" name="test_feed_requires_auth" time="0.371" /><testcase classname="tests.test_konphlux_api.TestAuth" name="test_register_returns_token_and_user" time="0.419" /><testcase classname="tests.test_konphlux_api.TestAuth" name="test_register_duplicate_409" time="0.119" /><testcase classname="tests.test_konphlux_api.TestAuth" name="test_login_wrong_password_401" time="0.315" /><testcase classname="tests.test_konphlux_api.TestFeed" name="test_feed_shape" time="0.288" /><testcase classname="tests.test_konphlux_api.TestFeed" name="test_create_post_authored_by_user" time="0.172" /><testcase classname="tests.test_konphlux_api.TestFeed" name="test_like_toggle_per_user" time="0.151" /><testcase classname="tests.test_konphlux_api.TestAuth" name="test_login_success" time="0.220" /><testcase classname="tests.test_konphlux_api.TestFeed" name="test_like_unknown_404" time="0.058" /><testcase classname="tests.test_konphlux_api.TestSaves" name="test_toggle_listing_and_verify" time="0.314" /><testcase classname="tests.test_konphlux_api.TestAuth" name="test_me_requires_token" time="0.208" /><testcase classname="tests.test_konphlux_api.TestAuth" name="test_me_with_token" time="0.132" /><testcase classname="tests.test_konphlux_api.TestSaves" name="test_toggle_district" time="0.256" /><testcase classname="tests.test_konphlux_api.TestDistricts" name="test_list_public" time="0.075" /><testcase classname="tests.test_konphlux_api.TestDistricts" name="test_roundtable_detail" time="0.065" /><testcase classname="tests.test_konphlux_api.TestDistricts" name="test_detail_requires_auth" time="0.068" /><testcase classname="tests.test_konphlux_api.TestSaves" name="test_toggle_post" time="0.126" /><testcase classname="tests.test_konphlux_api.TestDistricts" name="test_unknown_slug_404" time="0.080" /><testcase classname="tests.test_konphlux_api.TestBazaar" name="test_bazaar_list" time="0.086" /><testcase classname="tests.test_konphlux_api.TestSaves" name="test_unknown_kind_400" time="0.101" /><testcase classname="tests.test_konphlux_api.TestBazaar" name="test_bazaar_item" time="0.121" /><testcase classname="tests.test_konphlux_api.TestSaves" name="test_saves_require_auth" time="0.061" /><testcase classname="tests.test_konphlux_api.TestChatmonger" name="test_history_shape" time="0.060" /><testcase classname="tests.test_konphlux_api.TestBazaar" name="test_bazaar_requires_auth" time="0.064" /><testcase classname="tests.test_konphlux_api.TestChatmonger" name="test_send_message_ai_reply" time="2.003" /><testcase classname="tests.test_konphlux_api.TestProfile" name="test_profile_uses_authed_user" time="0.151" /><testcase classname="tests.test_konphlux_api.TestProfile" name="test_profile_requires_auth" time="0.068" /><testcase classname="tests.test_konphlux_api.TestChatmonger" name="test_unknown_district_404" time="0.063" /></testsuite></testsuites>