<?xml version="1.0" encoding="utf-8"?><testsuites name="pytest tests"><testsuite name="pytest" errors="0" failures="0" skipped="0" tests="12" time="0.999" timestamp="2026-08-16T23:15:30.668419+00:00" hostname="agent-env-bd0646dc-1d5a-4fc3-bcb6-d9414346b4c1"><testcase classname="tests.test_konphlux_api.TestDistricts" name="test_list_returns_22_sorted" time="0.284" /><testcase classname="tests.test_konphlux_api.TestFeed" name="test_get_feed_shape" time="0.319" /><testcase classname="tests.test_konphlux_api.TestDistricts" name="test_get_by_slug_and_nearby" time="0.049" /><testcase classname="tests.test_konphlux_api.TestFeed" name="test_create_post_and_verify" time="0.137" /><testcase classname="tests.test_konphlux_api.TestDistricts" name="test_get_home_slug" time="0.053" /><testcase classname="tests.test_konphlux_api.TestDistricts" name="test_get_unknown_slug_404" time="0.046" /><testcase classname="tests.test_konphlux_api.TestBazaar" name="test_list" time="0.046" /><testcase classname="tests.test_konphlux_api.TestFeed" name="test_toggle_like" time="0.138" /><testcase classname="tests.test_konphlux_api.TestBazaar" name="test_get_by_id" time="0.046" /><testcase classname="tests.test_konphlux_api.TestBazaar" name="test_get_unknown_id_404" time="0.044" /><testcase classname="tests.test_konphlux_api.TestFeed" name="test_like_unknown_post_404" time="0.050" /><testcase classname="tests.test_konphlux_api.TestProfile" name="test_get_profile" time="0.047" /></testsuite></testsuites>