<?xml version="1.0" encoding="utf-8"?><testsuites name="pytest tests"><testsuite name="pytest" errors="0" failures="0" skipped="0" tests="26" time="3.153" timestamp="2026-08-19T03:47:13.328392+00:00" hostname="agent-env-bd0646dc-1d5a-4fc3-bcb6-d9414346b4c1"><testcase classname="tests.test_roundtable.TestCommunities" name="test_list_requires_auth" time="0.263" /><testcase classname="tests.test_roundtable.TestThreads" name="test_list_threads_seeded" time="0.462" /><testcase classname="tests.test_roundtable.TestCommunities" name="test_list_communities_shape" time="0.299" /><testcase classname="tests.test_roundtable.TestThreads" name="test_thread_detail_with_replies" time="0.080" /><testcase classname="tests.test_roundtable.TestThreads" name="test_thread_detail_404" time="0.085" /><testcase classname="tests.test_roundtable.TestCommunities" name="test_community_detail_seeded" time="0.057" /><testcase classname="tests.test_roundtable.TestCommunities" name="test_community_detail_404" time="0.096" /><testcase classname="tests.test_roundtable.TestCommunities" name="test_join_toggle_updates_member_count_per_user" time="0.299" /><testcase classname="tests.test_roundtable.TestThreads" name="test_vote_toggle_per_user" time="0.513" /><testcase classname="tests.test_roundtable.TestCommunities" name="test_create_community_authored_by_user" time="0.155" /><testcase classname="tests.test_roundtable.TestThreads" name="test_create_thread_authored_by_user" time="0.162" /><testcase classname="tests.test_roundtable.TestCommunities" name="test_create_community_validation" time="0.052" /><testcase classname="tests.test_roundtable.TestThreads" name="test_create_thread_in_unknown_community_404" time="0.110" /><testcase classname="tests.test_roundtable.TestCommunitiesJoinedFilter" name="test_joined_filter_empty_for_new_user" time="0.289" /><testcase classname="tests.test_roundtable.TestCommunitiesJoinedFilter" name="test_all_filter_regression_returns_seeds" time="0.147" /><testcase classname="tests.test_roundtable.TestThreadsMineFilter" name="test_mine_empty_for_new_user" time="0.250" /><testcase classname="tests.test_roundtable.TestCommunitiesJoinedFilter" name="test_joined_filter_reflects_join" time="0.519" /><testcase classname="tests.test_roundtable.TestThreadsMineFilter" name="test_mine_reflects_authored_thread" time="0.165" /><testcase classname="tests.test_roundtable.TestThreadsMineFilter" name="test_mine_excludes_other_users_threads" time="0.221" /><testcase classname="tests.test_roundtable.TestThreadsMineFilter" name="test_all_threads_regression_includes_seeds" time="0.062" /><testcase classname="tests.test_roundtable.TestThreadsMineFilter" name="test_mine_false_returns_all" time="0.063" /><testcase classname="tests.test_roundtable.TestReplies" name="test_add_reply_appears_and_bumps_count" time="0.167" /><testcase classname="tests.test_roundtable.TestCommunitiesJoinedFilter" name="test_joined_filter_isolated_per_user" time="0.556" /><testcase classname="tests.test_roundtable.TestReplies" name="test_reply_on_unknown_thread_404" time="0.062" /><testcase classname="tests.test_roundtable.TestReplies" name="test_reply_requires_auth" time="0.099" /><testcase classname="tests.test_roundtable.TestCommunitiesJoinedFilter" name="test_unknown_filter_falls_back_to_all" time="0.074" /></testsuite></testsuites>