<?xml version="1.0" encoding="utf-8"?><testsuites name="pytest tests"><testsuite name="pytest" errors="0" failures="0" skipped="0" tests="16" time="2.534" timestamp="2026-08-19T02:18:51.801500+00:00" hostname="agent-env-bd0646dc-1d5a-4fc3-bcb6-d9414346b4c1"><testcase classname="tests.test_roundtable.TestCommunities" name="test_list_requires_auth" time="0.429" /><testcase classname="tests.test_roundtable.TestThreads" name="test_list_threads_seeded" time="0.585" /><testcase classname="tests.test_roundtable.TestThreads" name="test_thread_detail_with_replies" time="0.072" /><testcase classname="tests.test_roundtable.TestThreads" name="test_thread_detail_404" time="0.108" /><testcase classname="tests.test_roundtable.TestCommunities" name="test_list_communities_shape" time="0.414" /><testcase classname="tests.test_roundtable.TestCommunities" name="test_community_detail_seeded" time="0.092" /><testcase classname="tests.test_roundtable.TestCommunities" name="test_community_detail_404" time="0.082" /><testcase classname="tests.test_roundtable.TestThreads" name="test_vote_toggle_per_user" time="0.696" /><testcase classname="tests.test_roundtable.TestCommunities" name="test_join_toggle_updates_member_count_per_user" time="0.652" /><testcase classname="tests.test_roundtable.TestThreads" name="test_create_thread_authored_by_user" time="0.199" /><testcase classname="tests.test_roundtable.TestThreads" name="test_create_thread_in_unknown_community_404" time="0.068" /><testcase classname="tests.test_roundtable.TestCommunities" name="test_create_community_authored_by_user" time="0.264" /><testcase classname="tests.test_roundtable.TestReplies" name="test_add_reply_appears_and_bumps_count" time="0.244" /><testcase classname="tests.test_roundtable.TestCommunities" name="test_create_community_validation" time="0.129" /><testcase classname="tests.test_roundtable.TestReplies" name="test_reply_on_unknown_thread_404" time="0.068" /><testcase classname="tests.test_roundtable.TestReplies" name="test_reply_requires_auth" time="0.157" /></testsuite></testsuites>