<?xml version="1.0" encoding="utf-8"?><testsuites name="pytest tests"><testsuite name="pytest" errors="0" failures="0" skipped="0" tests="16" time="4.817" timestamp="2026-08-20T02:56:39.362320+00:00" hostname="agent-env-bd0646dc-1d5a-4fc3-bcb6-d9414346b4c1"><testcase classname="tests.test_sparking_dawn.TestDiscover" name="test_discover_women_only" time="0.409" /><testcase classname="tests.test_sparking_dawn.TestSwipe" name="test_like_likes_back_creates_match" time="0.322" /><testcase classname="tests.test_sparking_dawn.TestSwipe" name="test_like_no_likes_back_no_match" time="0.315" /><testcase classname="tests.test_sparking_dawn.TestDiscover" name="test_discover_men_only" time="0.322" /><testcase classname="tests.test_sparking_dawn.TestSwipe" name="test_pass_returns_no_match_and_excludes" time="0.537" /><testcase classname="tests.test_sparking_dawn.TestDiscover" name="test_discover_all_mix" time="0.273" /><testcase classname="tests.test_sparking_dawn.TestDiscover" name="test_discover_excludes_swiped" time="0.599" /><testcase classname="tests.test_sparking_dawn.TestSwipe" name="test_swipe_on_self_400" time="0.311" /><testcase classname="tests.test_sparking_dawn.TestSwipe" name="test_swipe_unknown_action_400" time="0.389" /><testcase classname="tests.test_sparking_dawn.TestProfile" name="test_me_null_before_save_then_persist" time="0.477" /><testcase classname="tests.test_sparking_dawn.TestSwipe" name="test_all_likes_back_seeds_create_matches" time="1.093" /><testcase classname="tests.test_sparking_dawn.TestProfile" name="test_invalid_gender_400" time="0.281" /><testcase classname="tests.test_sparking_dawn.TestMatchesList" name="test_matches_include_seeded_likes_back" time="0.537" /><testcase classname="tests.test_sparking_dawn.TestMatchesList" name="test_matches_sorted_desc" time="0.604" /><testcase classname="tests.test_sparking_dawn.TestSwipe" name="test_all_no_like_back_seeds_no_match" time="0.565" /><testcase classname="tests.test_sparking_dawn.TestMutualMatch" name="test_two_real_users_mutual_like" time="0.951" /></testsuite></testsuites>